0 info it worked if it ends with ok
1 verbose cli [ 'C:\\Program Files\\nodejs\\node.exe',
1 verbose cli   'C:\\Program Files\\nodejs\\node_modules\\npm\\bin\\npm-cli.js',
1 verbose cli   'start' ]
2 info using npm@3.10.8
3 info using node@v6.9.1
4 verbose run-script [ 'prestart', 'start', 'poststart' ]
5 info lifecycle webpacktry@1.0.0~prestart: webpacktry@1.0.0
6 silly lifecycle webpacktry@1.0.0~prestart: no script for prestart, continuing
7 info lifecycle webpacktry@1.0.0~start: webpacktry@1.0.0
8 verbose lifecycle webpacktry@1.0.0~start: unsafe-perm in lifecycle true
9 verbose lifecycle webpacktry@1.0.0~start: PATH: C:\Program Files\nodejs\node_modules\npm\bin\node-gyp-bin;E:\web\效果练习\打包练习\webpack1\node_modules\.bin;C:\ProgramData\Oracle\Java\javapath;C:\Windows\system32;C:\Windows;C:\Windows\System32\Wbem;C:\Windows\System32\WindowsPowerShell\v1.0\;C:\Program Files\Java\jdk1.8.0_112\bin;C:\Program Files\Java\jdk1.8.0_112\jre\bin;C:\Program Files\nodejs\;C:\Program Files\Common Files\Autodesk Shared\;C:\Program Files (x86)\Autodesk\Backburner\;C:\Program Files\MATLAB\R2010b\runtime\win64;C:\Program Files\MATLAB\R2010b\bin;C:\Program Files (x86)\NVIDIA Corporation\PhysX\Common;C:\Program Files\Git\cmd;C:\Program Files\MySQL\MySQL Server 5.7\bin;C:\Program Files (x86)\GtkSharp\2.12\bin;C:\Program Files (x86)\Windows Kits\8.1\Windows Performance Toolkit\;C:\Program Files\Microsoft SQL Server\110\Tools\Binn\;C:\Users\Administrator\AppData\Local\Android\sdk\platform-tools;C:\Users\Administrator\AppData\Local\Android\sdk\tools;C:\Program Files\tomcat 8\apache-tomcat-8.0.43\lib;C:\Program Files\tomcat 8\apache-tomcat-8.0.43\bin;C:\Program Files\GnuWin32\GetGnuWin32\gnuwin32\bin;C:\Users\Administrator\AppData\Local\Android\sdk\ndk-bundle;C:\Program Files\TortoiseSVN\bin;;C:\Users\Administrator\AppData\Roaming\npm;C:\Program Files\Microsoft VS Code\bin
10 verbose lifecycle webpacktry@1.0.0~start: CWD: E:\web\效果练习\打包练习\webpack1
11 silly lifecycle webpacktry@1.0.0~start: Args: [ '/d /s /c',
11 silly lifecycle   'webpack-dev-server --open --config config/webpack.dev.js' ]
12 silly lifecycle webpacktry@1.0.0~start: Returned: code: 3221225786  signal: null
13 info lifecycle webpacktry@1.0.0~start: Failed to exec start script
14 verbose stack Error: webpacktry@1.0.0 start: `webpack-dev-server --open --config config/webpack.dev.js`
14 verbose stack Exit status 3221225786
14 verbose stack     at EventEmitter.<anonymous> (C:\Program Files\nodejs\node_modules\npm\lib\utils\lifecycle.js:255:16)
14 verbose stack     at emitTwo (events.js:106:13)
14 verbose stack     at EventEmitter.emit (events.js:191:7)
14 verbose stack     at ChildProcess.<anonymous> (C:\Program Files\nodejs\node_modules\npm\lib\utils\spawn.js:40:14)
14 verbose stack     at emitTwo (events.js:106:13)
14 verbose stack     at ChildProcess.emit (events.js:191:7)
14 verbose stack     at maybeClose (internal/child_process.js:877:16)
14 verbose stack     at Process.ChildProcess._handle.onexit (internal/child_process.js:226:5)
15 verbose pkgid webpacktry@1.0.0
16 verbose cwd E:\web\效果练习\打包练习\webpack1
17 error Windows_NT 6.1.7601
18 error argv "C:\\Program Files\\nodejs\\node.exe" "C:\\Program Files\\nodejs\\node_modules\\npm\\bin\\npm-cli.js" "start"
19 error node v6.9.1
20 error npm  v3.10.8
21 error code ELIFECYCLE
22 error webpacktry@1.0.0 start: `webpack-dev-server --open --config config/webpack.dev.js`
22 error Exit status 3221225786
23 error Failed at the webpacktry@1.0.0 start script 'webpack-dev-server --open --config config/webpack.dev.js'.
23 error Make sure you have the latest version of node.js and npm installed.
23 error If you do, this is most likely a problem with the webpacktry package,
23 error not with npm itself.
23 error Tell the author that this fails on your system:
23 error     webpack-dev-server --open --config config/webpack.dev.js
23 error You can get information on how to open an issue for this project with:
23 error     npm bugs webpacktry
23 error Or if that isn't available, you can get their info via:
23 error     npm owner ls webpacktry
23 error There is likely additional logging output above.
24 verbose exit [ 1, true ]
